<?xml version="1.0" encoding="UTF-8"?>
<!-- Generated by org.testng.reporters.JUnitReportReporter -->
<testsuite skipped="0" hostname="Admin-PC" name="endpoints.bus.BusSearch" tests="2" failures="0" timestamp="04 Jun 2017 04:25:10 GMT" time="6.064" errors="0">
  <testcase name="verifyBusAvailability" time="1.270" classname="endpoints.bus.BusSearch"/>
  <testcase name="verifyBusAvailability" time="4.794" classname="endpoints.bus.BusSearch"/>
</testsuite> <!-- endpoints.bus.BusSearch -->
