<?xml version="1.0" encoding="UTF-8"?>
<!-- Generated by org.testng.reporters.JUnitReportReporter -->
<testsuite skipped="0" hostname="Admin-PC" name="endpoints.hotel.Get_Hotels_By_City" tests="2" failures="0" timestamp="04 Jun 2017 00:07:39 GMT" time="38.807" errors="0">
  <testcase name="verifyResponseSLA" time="11.046" classname="endpoints.hotel.Get_Hotels_By_City"/>
  <testcase name="verifyStatusCode200" time="27.761" classname="endpoints.hotel.Get_Hotels_By_City"/>
</testsuite> <!-- endpoints.hotel.Get_Hotels_By_City -->
