<?xml version="1.0" encoding="UTF-8"?>
<!-- Generated by org.testng.reporters.JUnitReportReporter -->
<testsuite skipped="0" hostname="Admin-PC" name="EndPoints.User.UserEndPointTest" tests="1" failures="0" timestamp="03 Jun 2017 02:20:44 GMT" time="2.363" errors="0">
  <testcase name="makeSureThatGoogleIsUp" time="2.363" classname="EndPoints.User.UserEndPointTest"/>
</testsuite> <!-- EndPoints.User.UserEndPointTest -->
