<?xml version="1.0" encoding="UTF-8"?>
<!-- Generated by org.testng.reporters.JUnitReportReporter -->
<testsuite skipped="0" hostname="Admin-PC" name="endpoints.bus.BusSearch" tests="4" failures="0" timestamp="04 Jun 2017 22:57:21 GMT" time="5.578" errors="0">
  <testcase name="busSearch_verifyBusAvailability" time="1.262" classname="endpoints.bus.BusSearch"/>
  <testcase name="busSearch_verifyBusAvailability" time="1.356" classname="endpoints.bus.BusSearch"/>
  <testcase name="busSearch_verifyBusSearchFunctionality" time="1.375" classname="endpoints.bus.BusSearch"/>
  <testcase name="busSearch_verifyBusAvailability" time="1.585" classname="endpoints.bus.BusSearch"/>
</testsuite> <!-- endpoints.bus.BusSearch -->
