<?xml version="1.0" encoding="UTF-8"?>
<!-- Generated by org.testng.reporters.JUnitReportReporter -->
<testsuite skipped="0" hostname="Admin-PC" name="endpoints.bus.BusSearch" tests="3" failures="0" timestamp="04 Jun 2017 17:24:02 GMT" time="4.032" errors="0">
  <testcase name="verifyBusAvailability" time="1.180" classname="endpoints.bus.BusSearch"/>
  <testcase name="verifyBusAvailability" time="1.526" classname="endpoints.bus.BusSearch"/>
  <testcase name="verifyBusAvailability" time="1.326" classname="endpoints.bus.BusSearch"/>
</testsuite> <!-- endpoints.bus.BusSearch -->
