<?xml version="1.0" encoding="UTF-8"?>
<!-- Generated by org.testng.reporters.JUnitReportReporter -->
<testsuite skipped="0" hostname="Admin-PC" name="endpoints.hotel.Get_Hotels_By_City" tests="2" failures="0" timestamp="04 Jun 2017 22:57:21 GMT" time="32.724" errors="0">
  <testcase name="getHotelByCity_verifyResponseSLA" time="8.719" classname="endpoints.hotel.Get_Hotels_By_City"/>
  <testcase name="getHotelByCity_verifyStatusCode200" time="24.005" classname="endpoints.hotel.Get_Hotels_By_City"/>
</testsuite> <!-- endpoints.hotel.Get_Hotels_By_City -->
