<?xml version="1.0" encoding="UTF-8"?>
<!-- Generated by org.testng.reporters.JUnitReportReporter -->
<testsuite skipped="0" hostname="Admin-PC" name="Achievers.TestRest.AppTest" tests="1" failures="0" timestamp="03 Jun 2017 02:01:05 GMT" time="0.200" errors="0">
  <testcase name="makeSureThatGoogleIsUp" time="0.200" classname="Achievers.TestRest.AppTest"/>
</testsuite> <!-- Achievers.TestRest.AppTest -->
